<?xml version="1.0" encoding="UTF-8"?>
<!-- Generated by org.testng.reporters.JUnitReportReporter -->
<testsuite skipped="0" hostname="DESKTOP-CUT93Q8" name="com.crm.qa.test.LoginPageTest" tests="3" failures="0" timestamp="2021-08-07T13:32:16 IST" time="73.773" errors="0">
  <testcase name="loginPageTitleTest" time="21.877" classname="com.crm.qa.test.LoginPageTest"/>
  <system-out/>
  <testcase name="crmLogoTest" time="11.568" classname="com.crm.qa.test.LoginPageTest"/>
  <system-out/>
  <testcase name="loginTest" time="40.328" classname="com.crm.qa.test.LoginPageTest"/>
  <system-out/>
</testsuite> <!-- com.crm.qa.test.LoginPageTest -->
